Requirement already satisfied: shap in /usr/local/lib/python3.12/dist-packages (0.51.0)
Requirement already satisfied: lime in /usr/local/lib/python3.12/dist-packages (0.2.0.1)
Requirement already satisfied: numpy>=2 in /usr/local/lib/python3.12/dist-packages (from shap) (2.4.3)
Requirement already satisfied: scipy in /usr/local/lib/python3.12/dist-packages (from shap) (1.17.1)
Requirement already satisfied: scikit-learn in /usr/local/lib/python3.12/dist-packages (from shap) (1.8.0)
Requirement already satisfied: pandas in /usr/local/lib/python3.12/dist-packages (from shap) (2.3.3)
Requirement already satisfied: tqdm>=4.27.0 in /usr/local/lib/python3.12/dist-packages (from shap) (4.67.3)
Requirement already satisfied: packaging>20.9 in /usr/local/lib/python3.12/dist-packages (from shap) (26.0)
Requirement already satisfied: slicer==0.0.8 in /usr/local/lib/python3.12/dist-packages (from shap) (0.0.8)
Requirement already satisfied: numba in /usr/local/lib/python3.12/dist-packages (from shap) (0.64.0)
Requirement already satisfied: llvmlite in /usr/local/lib/python3.12/dist-packages (from shap) (0.46.0)
Requirement already satisfied: cloudpickle in /usr/local/lib/python3.12/dist-packages (from shap) (3.1.2)
Requirement already satisfied: typing-extensions in /usr/local/lib/python3.12/dist-packages (from shap) (4.15.0)
Requirement already satisfied: matplotlib in /usr/local/lib/python3.12/dist-packages (from lime) (3.10.9)
Requirement already satisfied: scikit-image>=0.12 in /usr/local/lib/python3.12/dist-packages (from lime) (0.26.0)
Requirement already satisfied: networkx>=3.0 in /usr/local/lib/python3.12/dist-packages (from scikit-image>=0.12->lime) (3.6.1)
Requirement already satisfied: pillow>=10.1 in /usr/local/lib/python3.12/dist-packages (from scikit-image>=0.12->lime) (12.1.1)
Requirement already satisfied: imageio!=2.35.0,>=2.33 in /usr/local/lib/python3.12/dist-packages (from scikit-image>=0.12->lime) (2.37.3)
Requirement already satisfied: tifffile>=2022.8.12 in /usr/local/lib/python3.12/dist-packages (from scikit-image>=0.12->lime) (2026.4.11)
Requirement already satisfied: lazy-loader>=0.4 in /usr/local/lib/python3.12/dist-packages (from scikit-image>=0.12->lime) (0.5)
Requirement already satisfied: joblib>=1.3.0 in /usr/local/lib/python3.12/dist-packages (from scikit-learn->shap) (1.5.3)
Requirement already satisfied: threadpoolctl>=3.2.0 in /usr/local/lib/python3.12/dist-packages (from scikit-learn->shap) (3.6.0)
Requirement already satisfied: contourpy>=1.0.1 in /usr/local/lib/python3.12/dist-packages (from matplotlib->lime) (1.3.3)
Requirement already satisfied: cycler>=0.10 in /usr/local/lib/python3.12/dist-packages (from matplotlib->lime) (0.12.1)
Requirement already satisfied: fonttools>=4.22.0 in /usr/local/lib/python3.12/dist-packages (from matplotlib->lime) (4.62.1)
Requirement already satisfied: kiwisolver>=1.3.1 in /usr/local/lib/python3.12/dist-packages (from matplotlib->lime) (1.5.0)
Requirement already satisfied: pyparsing>=3 in /usr/lib/python3/dist-packages (from matplotlib->lime) (3.1.1)
Requirement already satisfied: python-dateutil>=2.7 in /usr/local/lib/python3.12/dist-packages (from matplotlib->lime) (2.9.0.post0)
Requirement already satisfied: pytz>=2020.1 in /usr/local/lib/python3.12/dist-packages (from pandas->shap) (2026.1.post1)
Requirement already satisfied: tzdata>=2022.7 in /usr/local/lib/python3.12/dist-packages (from pandas->shap) (2025.3)
Requirement already satisfied: six>=1.5 in /usr/local/lib/python3.12/dist-packages (from python-dateutil>=2.7->matplotlib->lime) (1.17.0)
WARNING: Running pip as the 'root' user can result in broken permissions and conflicting behaviour with the system package manager. It is recommended to use a virtual environment instead: https://pip.pypa.io/warnings/venv
